<?xml version="1.0" encoding="UTF-8"?>
<!-- Generated by org.testng.reporters.JUnitReportReporter -->
<testsuite skipped="0" hostname="ASUS" name="by.automation.test.googlecloud.EmailGoogleCloudTest" tests="1" failures="0" timestamp="23 Feb 2021 09:33:36 GMT" time="36.045" errors="0">
  <testcase name="estimatedAmountTest" time="36.045" classname="by.automation.test.googlecloud.EmailGoogleCloudTest"/>
</testsuite> <!-- by.automation.test.googlecloud.EmailGoogleCloudTest -->
